2018-09-21 17:56:47,714 [MainThread:10488] [django.db.backends:111] [utils:execute] [DEBUG]- (0.009) SELECT @@SQL_AUTO_IS_NULL; args=None
2018-09-21 17:56:47,722 [MainThread:10488] [django.db.backends:111] [utils:execute] [DEBUG]- (0.008) SET SESSION TRANSACTION ISOLATION LEVEL READ COMMITTED; args=None
2018-09-21 17:56:47,733 [MainThread:10488] [django.db.backends:111] [utils:execute] [DEBUG]- (0.009) SELECT VERSION(); args=None
2018-09-21 17:56:47,839 [MainThread:10488] [django.db.backends:111] [utils:execute] [DEBUG]- (0.010) SET SESSION TRANSACTION ISOLATION LEVEL READ COMMITTED; args=None
2018-09-21 17:56:47,863 [MainThread:10488] [django.db.backends:111] [utils:execute] [DEBUG]- (0.011) INSERT INTO `weixin_weixin_user` (`openid`, `start_time`, `update_time`) VALUES ('公的司梵', '2018-09-21 17:56:47.852582', '2018-09-21 17:56:47.852582'); args=['公的司梵', '2018-09-21 17:56:47.852582', '2018-09-21 17:56:47.852582']
2018-09-21 17:57:44,775 [MainThread:19176] [django.db.backends:111] [utils:execute] [DEBUG]- (0.010) SELECT @@SQL_AUTO_IS_NULL; args=None
2018-09-21 17:57:44,785 [MainThread:19176] [django.db.backends:111] [utils:execute] [DEBUG]- (0.009) SET SESSION TRANSACTION ISOLATION LEVEL READ COMMITTED; args=None
2018-09-21 17:57:44,794 [MainThread:19176] [django.db.backends:111] [utils:execute] [DEBUG]- (0.009) SELECT VERSION(); args=None
2018-09-22 10:11:56,821 [MainThread:13364] [django.db.backends:111] [utils:execute] [DEBUG]- (0.110) SELECT @@SQL_AUTO_IS_NULL; args=None
2018-09-22 10:11:56,831 [MainThread:13364] [django.db.backends:111] [utils:execute] [DEBUG]- (0.010) SET SESSION TRANSACTION ISOLATION LEVEL READ COMMITTED; args=None
2018-09-22 10:11:57,010 [MainThread:13364] [django.db.backends:111] [utils:execute] [DEBUG]- (0.159) INSERT INTO `weixin_weixin_user` (`openid`, `start_time`, `update_time`) VALUES ('公的司66梵00', '2018-09-22 10:11:56.851803', '2018-09-22 10:11:56.851803'); args=['公的司66梵00', '2018-09-22 10:11:56.851803', '2018-09-22 10:11:56.851803']
2018-09-22 10:13:32,158 [MainThread:28876] [django.db.backends:111] [utils:execute] [DEBUG]- (0.012) SELECT @@SQL_AUTO_IS_NULL; args=None
2018-09-22 10:13:32,169 [MainThread:28876] [django.db.backends:111] [utils:execute] [DEBUG]- (0.011) SET SESSION TRANSACTION ISOLATION LEVEL READ COMMITTED; args=None
2018-09-22 10:13:32,211 [MainThread:28876] [django.db.backends:111] [utils:execute] [DEBUG]- (0.030) INSERT INTO `weixin_weixin_user` (`openid`, `start_time`, `update_time`) VALUES ('公的司66梵00', '2018-09-22 10:13:32.181530', '2018-09-22 10:13:32.181530'); args=['公的司66梵00', '2018-09-22 10:13:32.181530', '2018-09-22 10:13:32.181530']
2018-09-22 10:15:31,757 [MainThread:25412] [django.db.backends:111] [utils:execute] [DEBUG]- (0.010) SELECT @@SQL_AUTO_IS_NULL; args=None
2018-09-22 10:15:31,768 [MainThread:25412] [django.db.backends:111] [utils:execute] [DEBUG]- (0.011) SET SESSION TRANSACTION ISOLATION LEVEL READ COMMITTED; args=None
2018-09-22 10:15:31,794 [MainThread:25412] [django.db.backends:111] [utils:execute] [DEBUG]- (0.012) INSERT INTO `weixin_weixin_user` (`openid`, `start_time`, `update_time`) VALUES ('公的司66梵00656', '2018-09-22 10:15:31.781864', '2018-09-22 10:15:31.781864'); args=['公的司66梵00656', '2018-09-22 10:15:31.781864', '2018-09-22 10:15:31.781864']
2018-09-22 10:32:07,594 [MainThread:18556] [django:10] [testscript:login_test] [ERROR]- ['__class__', '__delattr__', '__dict__', '__dir__', '__doc__', '__eq__', '__format__', '__ge__', '__getattribute__', '__gt__', '__hash__', '__init__', '__init_subclass__', '__le__', '__lt__', '__module__', '__ne__', '__new__', '__reduce__', '__reduce_ex__', '__repr__', '__setattr__', '__sizeof__', '__str__', '__subclasshook__', '__weakref__', '_log', 'addFilter', 'addHandler', 'callHandlers', 'critical', 'debug', 'disabled', 'error', 'exception', 'fatal', 'filter', 'filters', 'findCaller', 'getChild', 'getEffectiveLevel', 'handle', 'handlers', 'hasHandlers', 'info', 'isEnabledFor', 'level', 'log', 'makeRecord', 'manager', 'name', 'parent', 'propagate', 'removeFilter', 'removeHandler', 'root', 'setLevel', 'warn', 'warning']
2018-09-22 10:32:07,595 [MainThread:18556] [django:12] [testscript:login_test] [WARNING]- fasdfd
2018-09-22 10:32:25,715 [MainThread:23840] [django:10] [testscript:login_test] [ERROR]- ['__class__', '__delattr__', '__dict__', '__dir__', '__doc__', '__eq__', '__format__', '__ge__', '__getattribute__', '__gt__', '__hash__', '__init__', '__init_subclass__', '__le__', '__lt__', '__module__', '__ne__', '__new__', '__reduce__', '__reduce_ex__', '__repr__', '__setattr__', '__sizeof__', '__str__', '__subclasshook__', '__weakref__', '_log', 'addFilter', 'addHandler', 'callHandlers', 'critical', 'debug', 'disabled', 'error', 'exception', 'fatal', 'filter', 'filters', 'findCaller', 'getChild', 'getEffectiveLevel', 'handle', 'handlers', 'hasHandlers', 'info', 'isEnabledFor', 'level', 'log', 'makeRecord', 'manager', 'name', 'parent', 'propagate', 'removeFilter', 'removeHandler', 'root', 'setLevel', 'warn', 'warning']
2018-09-22 10:32:25,716 [MainThread:23840] [django:12] [testscript:login_test] [WARNING]- fasdfd
2018-09-22 10:33:10,192 [MainThread:16100] [weixin.views:10] [testscript:login_test] [ERROR]- ['__class__', '__delattr__', '__dict__', '__dir__', '__doc__', '__eq__', '__format__', '__ge__', '__getattribute__', '__gt__', '__hash__', '__init__', '__init_subclass__', '__le__', '__lt__', '__module__', '__ne__', '__new__', '__reduce__', '__reduce_ex__', '__repr__', '__setattr__', '__sizeof__', '__str__', '__subclasshook__', '__weakref__', '_log', 'addFilter', 'addHandler', 'callHandlers', 'critical', 'debug', 'disabled', 'error', 'exception', 'fatal', 'filter', 'filters', 'findCaller', 'getChild', 'getEffectiveLevel', 'handle', 'handlers', 'hasHandlers', 'info', 'isEnabledFor', 'level', 'log', 'makeRecord', 'manager', 'name', 'parent', 'propagate', 'removeFilter', 'removeHandler', 'root', 'setLevel', 'warn', 'warning']
2018-09-22 10:33:10,193 [MainThread:16100] [weixin.views:12] [testscript:login_test] [WARNING]- fasdfd
2018-09-22 10:33:50,185 [MainThread:29484] [weixin.views:10] [testscript:login_test] [ERROR]- ['__class__', '__delattr__', '__dict__', '__dir__', '__doc__', '__eq__', '__format__', '__ge__', '__getattribute__', '__gt__', '__hash__', '__init__', '__init_subclass__', '__le__', '__lt__', '__module__', '__ne__', '__new__', '__reduce__', '__reduce_ex__', '__repr__', '__setattr__', '__sizeof__', '__str__', '__subclasshook__', '__weakref__', '_log', 'addFilter', 'addHandler', 'callHandlers', 'critical', 'debug', 'disabled', 'error', 'exception', 'fatal', 'filter', 'filters', 'findCaller', 'getChild', 'getEffectiveLevel', 'handle', 'handlers', 'hasHandlers', 'info', 'isEnabledFor', 'level', 'log', 'makeRecord', 'manager', 'name', 'parent', 'propagate', 'removeFilter', 'removeHandler', 'root', 'setLevel', 'warn', 'warning']
2018-09-22 10:33:50,185 [MainThread:29484] [weixin.views:12] [testscript:login_test] [WARNING]- fasdfd
2018-09-22 10:51:28,914 [MainThread:25524] [weixin.views:10] [testscript:login_test] [ERROR]- ['__class__', '__delattr__', '__dict__', '__dir__', '__doc__', '__eq__', '__format__', '__ge__', '__getattribute__', '__gt__', '__hash__', '__init__', '__init_subclass__', '__le__', '__lt__', '__module__', '__ne__', '__new__', '__reduce__', '__reduce_ex__', '__repr__', '__setattr__', '__sizeof__', '__str__', '__subclasshook__', '__weakref__', '_log', 'addFilter', 'addHandler', 'callHandlers', 'critical', 'debug', 'disabled', 'error', 'exception', 'fatal', 'filter', 'filters', 'findCaller', 'getChild', 'getEffectiveLevel', 'handle', 'handlers', 'hasHandlers', 'info', 'isEnabledFor', 'level', 'log', 'makeRecord', 'manager', 'name', 'parent', 'propagate', 'removeFilter', 'removeHandler', 'root', 'setLevel', 'warn', 'warning']
2018-09-22 10:51:28,915 [MainThread:25524] [weixin.views:12] [testscript:login_test] [WARNING]- fasdfd
2018-09-22 10:52:23,780 [MainThread:13328] [weixin.views:10] [testscript:login_test] [ERROR]- ['__class__', '__delattr__', '__dict__', '__dir__', '__doc__', '__eq__', '__format__', '__ge__', '__getattribute__', '__gt__', '__hash__', '__init__', '__init_subclass__', '__le__', '__lt__', '__module__', '__ne__', '__new__', '__reduce__', '__reduce_ex__', '__repr__', '__setattr__', '__sizeof__', '__str__', '__subclasshook__', '__weakref__', '_log', 'addFilter', 'addHandler', 'callHandlers', 'critical', 'debug', 'disabled', 'error', 'exception', 'fatal', 'filter', 'filters', 'findCaller', 'getChild', 'getEffectiveLevel', 'handle', 'handlers', 'hasHandlers', 'info', 'isEnabledFor', 'level', 'log', 'makeRecord', 'manager', 'name', 'parent', 'propagate', 'removeFilter', 'removeHandler', 'root', 'setLevel', 'warn', 'warning']
2018-09-22 10:52:23,781 [MainThread:13328] [weixin.views:12] [testscript:login_test] [WARNING]- fasdfd
2018-09-22 10:53:01,868 [MainThread:23304] [weixin.views:10] [testscript:login_test] [ERROR]- ['__class__', '__delattr__', '__dict__', '__dir__', '__doc__', '__eq__', '__format__', '__ge__', '__getattribute__', '__gt__', '__hash__', '__init__', '__init_subclass__', '__le__', '__lt__', '__module__', '__ne__', '__new__', '__reduce__', '__reduce_ex__', '__repr__', '__setattr__', '__sizeof__', '__str__', '__subclasshook__', '__weakref__', '_log', 'addFilter', 'addHandler', 'callHandlers', 'critical', 'debug', 'disabled', 'error', 'exception', 'fatal', 'filter', 'filters', 'findCaller', 'getChild', 'getEffectiveLevel', 'handle', 'handlers', 'hasHandlers', 'info', 'isEnabledFor', 'level', 'log', 'makeRecord', 'manager', 'name', 'parent', 'propagate', 'removeFilter', 'removeHandler', 'root', 'setLevel', 'warn', 'warning']
2018-09-22 10:53:01,869 [MainThread:23304] [weixin.views:12] [testscript:login_test] [WARNING]- fasdfd
2018-09-22 10:54:52,066 [MainThread:23484] [weixin.views:10] [testscript:login_test] [INFO]- 5345
2018-09-22 10:54:52,066 [MainThread:23484] [weixin.views:11] [testscript:login_test] [ERROR]- 74
2018-09-22 10:54:52,066 [MainThread:23484] [weixin.views:12] [testscript:login_test] [WARNING]- fasdfd
2018-09-22 10:54:52,066 [MainThread:23484] [weixin.views:13] [testscript:login_test] [DEBUG]- [Debug] 已有用户
2018-09-22 10:54:52,067 [MainThread:23484] [weixin.views:14] [testscript:login_test] [WARNING]- 2312
2018-09-22 10:58:50,566 [MainThread:23628] [weixin.views:10] [testscript:login_test] [INFO]- 5345
2018-09-22 10:58:50,567 [MainThread:23628] [weixin.views:11] [testscript:login_test] [ERROR]- 74
2018-09-22 10:58:50,567 [MainThread:23628] [weixin.views:12] [testscript:login_test] [WARNING]- fasdfd
2018-09-22 10:59:04,016 [MainThread:13028] [weixin.views:10] [testscript:login_test] [INFO]- 5345
2018-09-22 10:59:04,017 [MainThread:13028] [weixin.views:11] [testscript:login_test] [ERROR]- 74
2018-09-22 10:59:04,017 [MainThread:13028] [weixin.views:12] [testscript:login_test] [WARNING]- fasdfd
2018-09-22 11:01:25,592 [MainThread:27408] [weixin.views:10] [testscript:login_test] [INFO]- 5345
2018-09-22 11:01:25,592 [MainThread:27408] [weixin.views:11] [testscript:login_test] [ERROR]- 74
2018-09-22 11:01:25,593 [MainThread:27408] [weixin.views:12] [testscript:login_test] [WARNING]- fasdfd
2018-09-22 11:01:25,593 [MainThread:27408] [weixin.views:13] [testscript:login_test] [DEBUG]- [Debug] 已有用户
2018-09-22 11:01:29,608 [MainThread:11068] [weixin.views:10] [testscript:login_test] [INFO]- 5345
2018-09-22 11:01:29,608 [MainThread:11068] [weixin.views:11] [testscript:login_test] [ERROR]- 74
2018-09-22 11:01:29,609 [MainThread:11068] [weixin.views:12] [testscript:login_test] [WARNING]- fasdfd
2018-09-22 11:01:29,609 [MainThread:11068] [weixin.views:13] [testscript:login_test] [DEBUG]- [Debug] 已有用户
2018-09-22 11:01:31,187 [MainThread:23796] [weixin.views:10] [testscript:login_test] [INFO]- 5345
2018-09-22 11:01:31,188 [MainThread:23796] [weixin.views:11] [testscript:login_test] [ERROR]- 74
2018-09-22 11:01:31,188 [MainThread:23796] [weixin.views:12] [testscript:login_test] [WARNING]- fasdfd
2018-09-22 11:01:31,189 [MainThread:23796] [weixin.views:13] [testscript:login_test] [DEBUG]- [Debug] 已有用户
2018-09-22 11:01:33,953 [MainThread:12048] [weixin.views:10] [testscript:login_test] [INFO]- 5345
2018-09-22 11:01:33,953 [MainThread:12048] [weixin.views:11] [testscript:login_test] [ERROR]- 74
2018-09-22 11:01:33,954 [MainThread:12048] [weixin.views:12] [testscript:login_test] [WARNING]- fasdfd
2018-09-22 11:01:33,954 [MainThread:12048] [weixin.views:13] [testscript:login_test] [DEBUG]- [Debug] 已有用户
2018-09-22 11:03:02,568 [MainThread:22344] [weixin.views:10] [testscript:login_test] [INFO]- 5345
2018-09-22 11:03:02,568 [MainThread:22344] [weixin.views:11] [testscript:login_test] [ERROR]- 74
2018-09-22 11:03:02,569 [MainThread:22344] [weixin.views:12] [testscript:login_test] [WARNING]- fasdfd
2018-09-22 11:03:02,569 [MainThread:22344] [weixin.views:13] [testscript:login_test] [DEBUG]- [Debug] 已有用户
2018-09-22 11:03:02,949 [MainThread:22344] [django.db.backends:111] [utils:execute] [DEBUG]- (0.010) SELECT @@SQL_AUTO_IS_NULL; args=None
2018-09-22 11:03:02,959 [MainThread:22344] [django.db.backends:111] [utils:execute] [DEBUG]- (0.009) SET SESSION TRANSACTION ISOLATION LEVEL READ COMMITTED; args=None
2018-09-22 11:03:02,982 [MainThread:22344] [django.db.backends:111] [utils:execute] [DEBUG]- (0.010) INSERT INTO `weixin_weixin_user` (`openid`, `start_time`, `update_time`) VALUES ('公的司6gfs6梵00656', '2018-09-22 11:03:02.972038', '2018-09-22 11:03:02.972038'); args=['公的司6gfs6梵00656', '2018-09-22 11:03:02.972038', '2018-09-22 11:03:02.972038']
2018-09-22 11:15:51,419 [MainThread:21536] [weixin.views:10] [testscript:login_test] [INFO]- 5345
2018-09-22 11:15:51,419 [MainThread:21536] [weixin.views:11] [testscript:login_test] [ERROR]- 74
2018-09-22 11:15:51,420 [MainThread:21536] [weixin.views:12] [testscript:login_test] [WARNING]- fasdfd
2018-09-22 11:15:51,420 [MainThread:21536] [weixin.views:13] [testscript:login_test] [DEBUG]- [Debug] 已有用户
2018-09-22 11:15:51,504 [MainThread:21536] [django.db.backends:111] [utils:execute] [DEBUG]- (0.012) SELECT @@SQL_AUTO_IS_NULL; args=None
2018-09-22 11:15:51,514 [MainThread:21536] [django.db.backends:111] [utils:execute] [DEBUG]- (0.010) SET SESSION TRANSACTION ISOLATION LEVEL READ COMMITTED; args=None
2018-09-22 11:15:51,541 [MainThread:21536] [django.db.backends:111] [utils:execute] [DEBUG]- (0.014) INSERT INTO `weixin_weixin_user` (`openid`, `start_time`, `update_time`) VALUES ('公的司6gfs6梵00656', '2018-09-22 11:15:51.527411', '2018-09-22 11:15:51.527411'); args=['公的司6gfs6梵00656', '2018-09-22 11:15:51.527411', '2018-09-22 11:15:51.527411']
2018-09-22 11:46:08,457 [Dummy-1:29052] [django.db.backends:111] [utils:execute] [DEBUG]- (0.010) SELECT @@SQL_AUTO_IS_NULL; args=None
2018-09-22 11:46:08,468 [Dummy-1:29052] [django.db.backends:111] [utils:execute] [DEBUG]- (0.010) SET SESSION TRANSACTION ISOLATION LEVEL READ COMMITTED; args=None
2018-09-22 11:46:08,621 [Dummy-1:29052] [django.db.backends:111] [utils:execute] [DEBUG]- (0.152) SHOW FULL TABLES; args=None
2018-09-22 11:46:08,634 [Dummy-1:29052] [django.db.backends:111] [utils:execute] [DEBUG]- (0.011) SELECT `django_migrations`.`app`, `django_migrations`.`name` FROM `django_migrations`; args=()
